[2025-07-19 15:22:23,002] [INFO] Attempting to start container: d9b3d0a0cd17
[2025-07-19 15:22:23,596] [INFO] Successfully started container: redis-insight (d9b3d0a0cd173a681ddd08b9d84959d3caddcf36b8bf0d8a465c8fdc0d5ffbd1)
[2025-07-19 15:25:35,484] [INFO] Stats stream stopped for container d9b3d0a0cd17
[2025-07-19 15:25:45,783] [INFO] Stats stream stopped for container d9b3d0a0cd17
[2025-07-19 15:26:08,948] [INFO] Stopping container: d9b3d0a0cd17
[2025-07-19 15:26:09,646] [INFO] Container stopped: redis-insight (d9b3d0a0cd173a681ddd08b9d84959d3caddcf36b8bf0d8a465c8fdc0d5ffbd1)
[2025-07-19 15:26:09,681] [WARNING] Block IO parse failed: 'NoneType' object is not iterable
[2025-07-19 15:26:10,699] [WARNING] Block IO parse failed: 'NoneType' object is not iterable
[2025-07-19 15:26:10,699] [INFO] Stats stream stopped for container d9b3d0a0cd17
[2025-07-19 15:27:42,051] [INFO] Stopping container: f3742faabaf4
[2025-07-19 15:27:42,104] [INFO] Container stopped: app (f3742faabaf4afa3e8151ee276bf08a58a4fd7fcb56b46bd1fdd15cc56ccb4d6)
[2025-07-19 15:34:20,149] [INFO] Attempting to start container: f3742faabaf4
[2025-07-19 15:34:20,703] [INFO] Successfully started container: app (f3742faabaf4afa3e8151ee276bf08a58a4fd7fcb56b46bd1fdd15cc56ccb4d6)
[2025-07-19 15:34:38,683] [INFO] Restarting container: f3742faabaf4
[2025-07-19 15:34:49,561] [WARNING] Block IO parse failed: 'NoneType' object is not iterable
[2025-07-19 15:34:50,123] [INFO] Container restarted: app (f3742faabaf4afa3e8151ee276bf08a58a4fd7fcb56b46bd1fdd15cc56ccb4d6)
[2025-07-19 15:35:01,360] [INFO] Stopping container: f3742faabaf4
[2025-07-19 15:35:12,105] [INFO] Container stopped: app (f3742faabaf4afa3e8151ee276bf08a58a4fd7fcb56b46bd1fdd15cc56ccb4d6)
[2025-07-19 15:35:12,127] [WARNING] Block IO parse failed: 'NoneType' object is not iterable
[2025-07-19 15:35:13,132] [WARNING] Block IO parse failed: 'NoneType' object is not iterable
[2025-07-19 15:35:13,133] [INFO] Stats stream stopped for container f3742faabaf4
[2025-07-19 15:51:47,194] [INFO] Stats stream stopped for container d0f3cb74fc4d
[2025-07-19 15:59:31,610] [INFO] Stats stream stopped for container d0f3cb74fc4d
[2025-07-19 16:04:53,819] [INFO] Stats stream stopped for container d0f3cb74fc4d
[2025-07-19 16:12:07,317] [INFO] Stats stream stopped for container d0f3cb74fc4d
[2025-07-19 16:13:11,306] [INFO] Stats stream stopped for container 045e905fd127
[2025-07-19 16:13:39,380] [INFO] Stopping container: 1c538482dc20
[2025-07-19 16:13:41,642] [INFO] Container stopped: mongo-express (1c538482dc20b521b4a5d11ce9e76cfdc46f8e19b7050a5007e8afebe8a085c6)
[2025-07-19 16:13:41,659] [WARNING] Block IO parse failed: 'NoneType' object is not iterable
[2025-07-19 16:13:42,672] [WARNING] Block IO parse failed: 'NoneType' object is not iterable
[2025-07-19 16:13:43,680] [WARNING] Block IO parse failed: 'NoneType' object is not iterable
[2025-07-19 16:13:43,681] [INFO] Stats stream stopped for container 1c538482dc20
