[2025-07-24 12:56:32] [ERROR] Docker API error while deleting network '9c0fb8793f20e6ff41f78b0c497d116ca452ba381393a9b5effc1510a2a25994': 403 Client Error for http+docker://localnpipe/v1.48/networks/9c0fb8793f20e6ff41f78b0c497d116ca452ba381393a9b5effc1510a2a25994: Forbidden ("none is a pre-defined network and cannot be removed")
[2025-07-24 12:56:40] [ERROR] Docker API error while deleting network '9c0fb8793f20e6ff41f78b0c497d116ca452ba381393a9b5effc1510a2a25994': 403 Client Error for http+docker://localnpipe/v1.48/networks/9c0fb8793f20e6ff41f78b0c497d116ca452ba381393a9b5effc1510a2a25994: Forbidden ("none is a pre-defined network and cannot be removed")
[2025-07-24 13:00:30] [ERROR] Docker API error while deleting network '6d4dd58bc51d609200f84f83db8ba88fa6d59f575657ac380e6e3351ddbc1dec': 403 Client Error for http+docker://localnpipe/v1.48/networks/6d4dd58bc51d609200f84f83db8ba88fa6d59f575657ac380e6e3351ddbc1dec: Forbidden ("bridge is a pre-defined network and cannot be removed")
[2025-07-24 13:30:15] [WARNING] Deletion prevented: Network 'testdockerfiles_worker_net' is currently attached to container(s): worker. Please disconnect all containers manually before deletion.
[2025-07-24 13:30:15] [ERROR] Unexpected error while deleting network 'c0966023e7365358f6e1e5f9ed8e19a61094fcf9dabcfa3f603f0478d3144b9b'
Traceback (most recent call last):
  File "C:\Users\stude\Desktop\Python\DockerManager\Backend\main.py", line 871, in delete_docker_network
    raise HTTPException(status_code=400, detail=message)
fastapi.exceptions.HTTPException: 400: Network 'testdockerfiles_worker_net' is currently attached to container(s): worker. Please disconnect all containers manually before deletion.
[2025-07-24 13:31:07] [WARNING] Deletion prevented: Network 'testdockerfiles_cache_net' is currently attached to container(s): cache. Please disconnect all containers manually before deletion.
[2025-07-24 13:31:17] [WARNING] Deletion prevented: Network 'testdockerfiles_cache_net' is currently attached to container(s): cache. Please disconnect all containers manually before deletion.
[2025-07-24 13:31:27] [WARNING] Deletion prevented: Network 'testdockerfiles_cache_net' is currently attached to container(s): cache. Please disconnect all containers manually before deletion.
[2025-07-24 13:31:33] [WARNING] Deletion prevented: Network 'testdockerfiles_backend' is currently attached to container(s): worker. Please disconnect all containers manually before deletion.
[2025-07-24 18:07:07] [ERROR] Docker API error while creating network 'sdada': 403 Client Error for http+docker://localnpipe/v1.48/networks/create: Forbidden ("This node is not a swarm manager. Use "docker swarm init" or "docker swarm join" to connect this node to swarm and try again.")
[2025-07-24 18:07:45] [ERROR] Docker API error while creating network 'sdada': 403 Client Error for http+docker://localnpipe/v1.48/networks/create: Forbidden ("This node is not a swarm manager. Use "docker swarm init" or "docker swarm join" to connect this node to swarm and try again.")
[2025-07-24 18:19:10] [ERROR] Docker API error while creating network 'terststs': 403 Client Error for http+docker://localnpipe/v1.48/networks/create: Forbidden ("only one instance of "host" network is allowed")
[2025-07-24 18:20:30] [ERROR] Docker API error while creating network 'testasdaasdada': 404 Client Error for http+docker://localnpipe/v1.48/networks/create: Not Found ("plugin "none" not found")
[2025-07-24 18:49:21] [INFO] Stats stream stopped for container cc9476e8f745
[2025-07-24 18:50:22] [INFO] Stats stream stopped for container cc9476e8f745
[2025-07-24 18:50:30] [INFO] Stats stream stopped for container cc9476e8f745
[2025-07-24 18:50:31] [INFO] Stopping container: cc9476e8f745
[2025-07-24 18:50:42] [INFO] Container stopped: test (cc9476e8f7453ecebe74939eee0154ffda1184ae08df2428f40ce8ed6dd68a6b)
[2025-07-24 18:50:42] [WARNING] Block IO parse failed: 'NoneType' object is not iterable
[2025-07-24 18:50:43] [WARNING] Block IO parse failed: 'NoneType' object is not iterable
[2025-07-24 18:50:44] [WARNING] Block IO parse failed: 'NoneType' object is not iterable
[2025-07-24 18:50:44] [INFO] Stats stream stopped for container cc9476e8f745
[2025-07-24 19:10:30] [INFO] Attempting to start container: 7492128a0a06
[2025-07-24 19:10:31] [WARNING] Container not found: 7492128a0a06
[2025-07-24 19:10:37] [INFO] Attempting to start container: 7492128a0a06
[2025-07-24 19:10:38] [WARNING] Container not found: 7492128a0a06
[2025-07-24 19:11:00] [INFO] Attempting to start container: 7492128a0a06
[2025-07-24 19:11:00] [WARNING] Container not found: 7492128a0a06
[2025-07-24 19:11:02] [INFO] Attempting to start container: 7492128a0a06
[2025-07-24 19:11:03] [WARNING] Container not found: 7492128a0a06
[2025-07-24 19:11:38] [INFO] Attempting to start container: 7492128a0a0668ad60398039095ae0accbfebad3acb9fd6f1a2b4eb8bda32aa0
[2025-07-24 19:11:38] [WARNING] Container not found: 7492128a0a0668ad60398039095ae0accbfebad3acb9fd6f1a2b4eb8bda32aa0
[2025-07-24 19:11:56] [INFO] Attempting to start container: d9b3d0a0cd17
[2025-07-24 19:11:57] [WARNING] Container not found: d9b3d0a0cd17
[2025-07-24 19:12:29] [INFO] Attempting to start container: d9b3d0a0cd17
[2025-07-24 19:12:29] [WARNING] Container not found: d9b3d0a0cd17
[2025-07-24 19:14:59] [INFO] Attempting to start container: cc9476e8f745
[2025-07-24 19:15:00] [INFO] Successfully started container: test (cc9476e8f7453ecebe74939eee0154ffda1184ae08df2428f40ce8ed6dd68a6b)
[2025-07-24 19:15:22] [INFO] Stats stream stopped for container cc9476e8f745
[2025-07-24 19:16:10] [INFO] Attempting to start container: 7492128a0a06
[2025-07-24 19:16:10] [WARNING] Container not found: 7492128a0a06
[2025-07-24 19:16:14] [INFO] Attempting to start container: 7492128a0a06
[2025-07-24 19:16:14] [WARNING] Container not found: 7492128a0a06
[2025-07-24 19:16:15] [INFO] Attempting to start container: 7492128a0a06
[2025-07-24 19:16:16] [WARNING] Container not found: 7492128a0a06
[2025-07-24 19:16:41] [INFO] Attempting to start container: 7492128a0a0668ad60398039095ae0accbfebad3acb9fd6f1a2b4eb8bda32aa0
[2025-07-24 19:16:41] [WARNING] Container not found: 7492128a0a0668ad60398039095ae0accbfebad3acb9fd6f1a2b4eb8bda32aa0
[2025-07-24 19:17:55] [INFO] Attempting to start container: 7492128a0a06
[2025-07-24 19:17:55] [WARNING] Container not found: 7492128a0a06
[2025-07-24 19:19:16] [INFO] Attempting to start container: 7492128a0a06
[2025-07-24 19:19:16] [WARNING] Container not found: 7492128a0a06
[2025-07-24 19:19:19] [INFO] Attempting to start container: 7492128a0a06
[2025-07-24 19:19:19] [WARNING] Container not found: 7492128a0a06
[2025-07-24 19:19:32] [INFO] Stopping container: cc9476e8f745
[2025-07-24 19:19:43] [INFO] Container stopped: test (cc9476e8f7453ecebe74939eee0154ffda1184ae08df2428f40ce8ed6dd68a6b)
[2025-07-24 19:19:43] [WARNING] Block IO parse failed: 'NoneType' object is not iterable
[2025-07-24 19:19:44] [WARNING] Block IO parse failed: 'NoneType' object is not iterable
[2025-07-24 19:19:44] [INFO] Stats stream stopped for container cc9476e8f745
[2025-07-24 19:19:46] [INFO] Attempting to start container: cc9476e8f745
[2025-07-24 19:19:46] [INFO] Successfully started container: test (cc9476e8f7453ecebe74939eee0154ffda1184ae08df2428f40ce8ed6dd68a6b)
[2025-07-24 19:19:52] [INFO] Stats stream stopped for container cc9476e8f745
[2025-07-24 19:19:55] [INFO] Attempting to start container: f9e5b487d812
[2025-07-24 19:19:55] [WARNING] Container not found: f9e5b487d812
[2025-07-24 19:23:24] [WARNING] Container not found: f9e5b487d812
[2025-07-24 19:23:24] [WARNING] Container not found: f9e5b487d812
[2025-07-24 19:23:27] [WARNING] Container not found: f9e5b487d812
[2025-07-24 19:23:27] [WARNING] Container not found: f9e5b487d812
[2025-07-24 19:23:29] [WARNING] Container not found: f9e5b487d812
[2025-07-24 19:23:29] [WARNING] Container not found: f9e5b487d812
[2025-07-24 19:23:30] [WARNING] Container not found: f9e5b487d812
[2025-07-24 19:23:33] [WARNING] Container not found: f9e5b487d812
[2025-07-24 19:23:37] [WARNING] Container not found: f9e5b487d812
[2025-07-24 19:23:51] [INFO] Matched container: db (019f254fb8133ac6d28a75019a267a80a5b28aa60a461bf45faa24aa78bfcfbb)
[2025-07-24 19:23:51] [INFO] Matched container: db (019f254fb8133ac6d28a75019a267a80a5b28aa60a461bf45faa24aa78bfcfbb)
[2025-07-24 19:23:53] [INFO] Matched container: db (019f254fb8133ac6d28a75019a267a80a5b28aa60a461bf45faa24aa78bfcfbb)
[2025-07-24 19:23:53] [INFO] Matched container: db (019f254fb8133ac6d28a75019a267a80a5b28aa60a461bf45faa24aa78bfcfbb)
[2025-07-24 19:24:00] [INFO] Stats stream stopped for container 019f254fb813
[2025-07-24 19:24:14] [INFO] Matched container: web (6b6ce3dc7b736b2db5eb7c3e8ce30cd63587937112187070f68b0a08b8364b52)
[2025-07-24 19:24:14] [INFO] Matched container: web (6b6ce3dc7b736b2db5eb7c3e8ce30cd63587937112187070f68b0a08b8364b52)
[2025-07-24 19:24:15] [INFO] Matched container: web (6b6ce3dc7b736b2db5eb7c3e8ce30cd63587937112187070f68b0a08b8364b52)
[2025-07-24 19:24:16] [INFO] Matched container: web (6b6ce3dc7b736b2db5eb7c3e8ce30cd63587937112187070f68b0a08b8364b52)
[2025-07-24 19:24:17] [INFO] Stopping container: 6b6ce3dc7b73
[2025-07-24 19:24:18] [INFO] Matched container: web (6b6ce3dc7b736b2db5eb7c3e8ce30cd63587937112187070f68b0a08b8364b52)
[2025-07-24 19:24:18] [INFO] Container stopped: web (6b6ce3dc7b736b2db5eb7c3e8ce30cd63587937112187070f68b0a08b8364b52)
[2025-07-24 19:24:19] [WARNING] Block IO parse failed: 'NoneType' object is not iterable
[2025-07-24 19:24:19] [INFO] Matched container: web (6b6ce3dc7b736b2db5eb7c3e8ce30cd63587937112187070f68b0a08b8364b52)
[2025-07-24 19:24:20] [WARNING] Block IO parse failed: 'NoneType' object is not iterable
[2025-07-24 19:24:20] [INFO] Stats stream stopped for container 6b6ce3dc7b73
[2025-07-24 19:24:23] [INFO] Attempting to start container: 6b6ce3dc7b73
[2025-07-24 19:24:24] [INFO] Matched container: web (6b6ce3dc7b736b2db5eb7c3e8ce30cd63587937112187070f68b0a08b8364b52)
[2025-07-24 19:24:24] [INFO] Successfully started container: web (6b6ce3dc7b736b2db5eb7c3e8ce30cd63587937112187070f68b0a08b8364b52)
[2025-07-24 19:24:25] [INFO] Matched container: web (6b6ce3dc7b736b2db5eb7c3e8ce30cd63587937112187070f68b0a08b8364b52)
[2025-07-24 19:24:27] [INFO] Matched container: web (6b6ce3dc7b736b2db5eb7c3e8ce30cd63587937112187070f68b0a08b8364b52)
[2025-07-24 19:24:31] [INFO] Stopping container: 6b6ce3dc7b73
[2025-07-24 19:24:31] [INFO] Matched container: web (6b6ce3dc7b736b2db5eb7c3e8ce30cd63587937112187070f68b0a08b8364b52)
[2025-07-24 19:24:32] [INFO] Container stopped: web (6b6ce3dc7b736b2db5eb7c3e8ce30cd63587937112187070f68b0a08b8364b52)
[2025-07-24 19:24:32] [WARNING] Block IO parse failed: 'NoneType' object is not iterable
[2025-07-24 19:24:33] [INFO] Matched container: web (6b6ce3dc7b736b2db5eb7c3e8ce30cd63587937112187070f68b0a08b8364b52)
[2025-07-24 19:24:33] [WARNING] Block IO parse failed: 'NoneType' object is not iterable
[2025-07-24 19:24:33] [INFO] Stats stream stopped for container 6b6ce3dc7b73
[2025-07-24 19:24:38] [INFO] Matched container: web (6b6ce3dc7b736b2db5eb7c3e8ce30cd63587937112187070f68b0a08b8364b52)
[2025-07-24 19:24:39] [INFO] Matched container: web (6b6ce3dc7b736b2db5eb7c3e8ce30cd63587937112187070f68b0a08b8364b52)
[2025-07-24 19:24:47] [INFO] Matched container: web (6b6ce3dc7b736b2db5eb7c3e8ce30cd63587937112187070f68b0a08b8364b52)
[2025-07-24 19:24:47] [INFO] Matched container: web (6b6ce3dc7b736b2db5eb7c3e8ce30cd63587937112187070f68b0a08b8364b52)
[2025-07-24 19:24:50] [INFO] Attempting to start container: 6b6ce3dc7b73
[2025-07-24 19:24:50] [INFO] Matched container: web (6b6ce3dc7b736b2db5eb7c3e8ce30cd63587937112187070f68b0a08b8364b52)
[2025-07-24 19:24:51] [INFO] Successfully started container: web (6b6ce3dc7b736b2db5eb7c3e8ce30cd63587937112187070f68b0a08b8364b52)
[2025-07-24 19:24:52] [INFO] Matched container: web (6b6ce3dc7b736b2db5eb7c3e8ce30cd63587937112187070f68b0a08b8364b52)
[2025-07-24 19:24:54] [INFO] Matched container: web (6b6ce3dc7b736b2db5eb7c3e8ce30cd63587937112187070f68b0a08b8364b52)
[2025-07-24 19:25:01] [INFO] Stopping container: 6b6ce3dc7b73
[2025-07-24 19:25:02] [INFO] Matched container: web (6b6ce3dc7b736b2db5eb7c3e8ce30cd63587937112187070f68b0a08b8364b52)
[2025-07-24 19:25:03] [INFO] Container stopped: web (6b6ce3dc7b736b2db5eb7c3e8ce30cd63587937112187070f68b0a08b8364b52)
[2025-07-24 19:25:03] [WARNING] Block IO parse failed: 'NoneType' object is not iterable
[2025-07-24 19:25:04] [INFO] Matched container: web (6b6ce3dc7b736b2db5eb7c3e8ce30cd63587937112187070f68b0a08b8364b52)
[2025-07-24 19:25:04] [WARNING] Block IO parse failed: 'NoneType' object is not iterable
[2025-07-24 19:25:05] [WARNING] Block IO parse failed: 'NoneType' object is not iterable
[2025-07-24 19:25:05] [INFO] Stats stream stopped for container 6b6ce3dc7b73
