[2025-07-25 11:28:35] [INFO] Matched container: db (019f254fb8133ac6d28a75019a267a80a5b28aa60a461bf45faa24aa78bfcfbb)
[2025-07-25 11:28:35] [INFO] Matched container: db (019f254fb8133ac6d28a75019a267a80a5b28aa60a461bf45faa24aa78bfcfbb)
[2025-07-25 11:28:43] [INFO] Matched container: db (019f254fb8133ac6d28a75019a267a80a5b28aa60a461bf45faa24aa78bfcfbb)
[2025-07-25 11:28:43] [INFO] Matched container: db (019f254fb8133ac6d28a75019a267a80a5b28aa60a461bf45faa24aa78bfcfbb)
[2025-07-25 11:28:59] [INFO] Matched container: db (019f254fb8133ac6d28a75019a267a80a5b28aa60a461bf45faa24aa78bfcfbb)
[2025-07-25 11:28:59] [INFO] Matched container: db (019f254fb8133ac6d28a75019a267a80a5b28aa60a461bf45faa24aa78bfcfbb)
[2025-07-25 11:29:16] [INFO] Matched container: db (019f254fb8133ac6d28a75019a267a80a5b28aa60a461bf45faa24aa78bfcfbb)
[2025-07-25 11:29:16] [INFO] Matched container: db (019f254fb8133ac6d28a75019a267a80a5b28aa60a461bf45faa24aa78bfcfbb)
[2025-07-25 11:29:52] [WARNING] Container not found: $id
[2025-07-25 11:29:54] [WARNING] Container not found: $id
[2025-07-25 11:29:56] [WARNING] Container not found: $id
[2025-07-25 11:30:00] [WARNING] Container not found: $id
[2025-07-25 11:31:31] [INFO] Matched container: db (019f254fb8133ac6d28a75019a267a80a5b28aa60a461bf45faa24aa78bfcfbb)
[2025-07-25 11:31:31] [INFO] Matched container: db (019f254fb8133ac6d28a75019a267a80a5b28aa60a461bf45faa24aa78bfcfbb)
[2025-07-25 11:31:32] [INFO] Matched container: db (019f254fb8133ac6d28a75019a267a80a5b28aa60a461bf45faa24aa78bfcfbb)
[2025-07-25 11:31:51] [INFO] Matched container: db (019f254fb8133ac6d28a75019a267a80a5b28aa60a461bf45faa24aa78bfcfbb)
[2025-07-25 11:31:51] [INFO] Matched container: db (019f254fb8133ac6d28a75019a267a80a5b28aa60a461bf45faa24aa78bfcfbb)
[2025-07-25 11:31:52] [INFO] Matched container: db (019f254fb8133ac6d28a75019a267a80a5b28aa60a461bf45faa24aa78bfcfbb)
[2025-07-25 11:32:15] [INFO] Matched container: db (019f254fb8133ac6d28a75019a267a80a5b28aa60a461bf45faa24aa78bfcfbb)
[2025-07-25 11:32:15] [INFO] Matched container: db (019f254fb8133ac6d28a75019a267a80a5b28aa60a461bf45faa24aa78bfcfbb)
[2025-07-25 11:32:16] [INFO] Matched container: db (019f254fb8133ac6d28a75019a267a80a5b28aa60a461bf45faa24aa78bfcfbb)
[2025-07-25 11:32:51] [INFO] Matched container: db (019f254fb8133ac6d28a75019a267a80a5b28aa60a461bf45faa24aa78bfcfbb)
[2025-07-25 11:32:51] [INFO] Matched container: db (019f254fb8133ac6d28a75019a267a80a5b28aa60a461bf45faa24aa78bfcfbb)
[2025-07-25 11:32:52] [INFO] Matched container: db (019f254fb8133ac6d28a75019a267a80a5b28aa60a461bf45faa24aa78bfcfbb)
[2025-07-25 11:32:55] [INFO] Matched container: db (019f254fb8133ac6d28a75019a267a80a5b28aa60a461bf45faa24aa78bfcfbb)
[2025-07-25 11:32:55] [INFO] Matched container: db (019f254fb8133ac6d28a75019a267a80a5b28aa60a461bf45faa24aa78bfcfbb)
[2025-07-25 11:33:31] [INFO] Matched container: db (019f254fb8133ac6d28a75019a267a80a5b28aa60a461bf45faa24aa78bfcfbb)
[2025-07-25 11:33:31] [INFO] Matched container: db (019f254fb8133ac6d28a75019a267a80a5b28aa60a461bf45faa24aa78bfcfbb)
[2025-07-25 11:34:10] [INFO] Matched container: db (019f254fb8133ac6d28a75019a267a80a5b28aa60a461bf45faa24aa78bfcfbb)
[2025-07-25 11:34:10] [INFO] Matched container: db (019f254fb8133ac6d28a75019a267a80a5b28aa60a461bf45faa24aa78bfcfbb)
[2025-07-25 11:38:30] [INFO] Matched container: db (019f254fb8133ac6d28a75019a267a80a5b28aa60a461bf45faa24aa78bfcfbb)
[2025-07-25 11:38:30] [INFO] Matched container: db (019f254fb8133ac6d28a75019a267a80a5b28aa60a461bf45faa24aa78bfcfbb)
[2025-07-25 11:38:30] [INFO] Matched container: db (019f254fb8133ac6d28a75019a267a80a5b28aa60a461bf45faa24aa78bfcfbb)
[2025-07-25 11:40:04] [INFO] Matched container: db (019f254fb8133ac6d28a75019a267a80a5b28aa60a461bf45faa24aa78bfcfbb)
[2025-07-25 11:40:29] [INFO] Matched container: db (019f254fb8133ac6d28a75019a267a80a5b28aa60a461bf45faa24aa78bfcfbb)
[2025-07-25 11:40:30] [INFO] Matched container: db (019f254fb8133ac6d28a75019a267a80a5b28aa60a461bf45faa24aa78bfcfbb)
[2025-07-25 11:40:30] [INFO] Matched container: db (019f254fb8133ac6d28a75019a267a80a5b28aa60a461bf45faa24aa78bfcfbb)
[2025-07-25 11:43:27] [INFO] Matched container: db (019f254fb8133ac6d28a75019a267a80a5b28aa60a461bf45faa24aa78bfcfbb)
[2025-07-25 11:43:27] [INFO] Matched container: db (019f254fb8133ac6d28a75019a267a80a5b28aa60a461bf45faa24aa78bfcfbb)
[2025-07-25 11:45:02] [INFO] Matched container: db (019f254fb8133ac6d28a75019a267a80a5b28aa60a461bf45faa24aa78bfcfbb)
[2025-07-25 11:45:02] [INFO] Matched container: db (019f254fb8133ac6d28a75019a267a80a5b28aa60a461bf45faa24aa78bfcfbb)
[2025-07-25 11:45:05] [INFO] Attempting to start container: 019f254fb813
[2025-07-25 11:45:05] [INFO] Matched container: db (019f254fb8133ac6d28a75019a267a80a5b28aa60a461bf45faa24aa78bfcfbb)
[2025-07-25 11:45:06] [INFO] Successfully started container: db (019f254fb8133ac6d28a75019a267a80a5b28aa60a461bf45faa24aa78bfcfbb)
[2025-07-25 11:45:06] [INFO] Matched container: db (019f254fb8133ac6d28a75019a267a80a5b28aa60a461bf45faa24aa78bfcfbb)
[2025-07-25 11:45:08] [INFO] Matched container: db (019f254fb8133ac6d28a75019a267a80a5b28aa60a461bf45faa24aa78bfcfbb)
[2025-07-25 11:45:12] [INFO] Stats stream stopped for container 019f254fb813
[2025-07-25 11:46:51] [INFO] Matched container: db (019f254fb8133ac6d28a75019a267a80a5b28aa60a461bf45faa24aa78bfcfbb)
[2025-07-25 11:46:51] [INFO] Matched container: db (019f254fb8133ac6d28a75019a267a80a5b28aa60a461bf45faa24aa78bfcfbb)
[2025-07-25 11:46:52] [INFO] Matched container: db (019f254fb8133ac6d28a75019a267a80a5b28aa60a461bf45faa24aa78bfcfbb)
[2025-07-25 11:46:52] [INFO] Matched container: db (019f254fb8133ac6d28a75019a267a80a5b28aa60a461bf45faa24aa78bfcfbb)
[2025-07-25 11:46:53] [INFO] Stats stream stopped for container 019f254fb813
[2025-07-25 11:46:53] [INFO] Matched container: db (019f254fb8133ac6d28a75019a267a80a5b28aa60a461bf45faa24aa78bfcfbb)
[2025-07-25 11:46:57] [INFO] Stats stream stopped for container 019f254fb813
[2025-07-25 11:47:11] [INFO] Matched container: db (019f254fb8133ac6d28a75019a267a80a5b28aa60a461bf45faa24aa78bfcfbb)
[2025-07-25 11:47:11] [INFO] Matched container: db (019f254fb8133ac6d28a75019a267a80a5b28aa60a461bf45faa24aa78bfcfbb)
[2025-07-25 11:47:11] [INFO] Matched container: db (019f254fb8133ac6d28a75019a267a80a5b28aa60a461bf45faa24aa78bfcfbb)
[2025-07-25 11:47:12] [INFO] Stats stream stopped for container 019f254fb813
[2025-07-25 11:47:13] [INFO] Stats stream stopped for container 019f254fb813
[2025-07-25 11:48:45] [INFO] Matched container: db (019f254fb8133ac6d28a75019a267a80a5b28aa60a461bf45faa24aa78bfcfbb)
[2025-07-25 11:48:45] [INFO] Matched container: db (019f254fb8133ac6d28a75019a267a80a5b28aa60a461bf45faa24aa78bfcfbb)
[2025-07-25 11:48:45] [INFO] Matched container: db (019f254fb8133ac6d28a75019a267a80a5b28aa60a461bf45faa24aa78bfcfbb)
[2025-07-25 11:48:47] [INFO] Matched container: db (019f254fb8133ac6d28a75019a267a80a5b28aa60a461bf45faa24aa78bfcfbb)
[2025-07-25 11:48:47] [INFO] Stats stream stopped for container 019f254fb813
[2025-07-25 11:48:48] [INFO] Matched container: db (019f254fb8133ac6d28a75019a267a80a5b28aa60a461bf45faa24aa78bfcfbb)
[2025-07-25 11:48:50] [INFO] Stats stream stopped for container 019f254fb813
[2025-07-25 12:14:23] [INFO] Matched container: db (019f254fb8133ac6d28a75019a267a80a5b28aa60a461bf45faa24aa78bfcfbb)
[2025-07-25 12:14:23] [INFO] Matched container: db (019f254fb8133ac6d28a75019a267a80a5b28aa60a461bf45faa24aa78bfcfbb)
[2025-07-25 12:14:26] [INFO] Matched container: db (019f254fb8133ac6d28a75019a267a80a5b28aa60a461bf45faa24aa78bfcfbb)
[2025-07-25 12:14:26] [INFO] Matched container: db (019f254fb8133ac6d28a75019a267a80a5b28aa60a461bf45faa24aa78bfcfbb)
[2025-07-25 12:14:28] [INFO] Stats stream stopped for container 019f254fb813
[2025-07-25 12:16:34] [INFO] Matched container: db (019f254fb8133ac6d28a75019a267a80a5b28aa60a461bf45faa24aa78bfcfbb)
[2025-07-25 12:16:34] [INFO] Matched container: db (019f254fb8133ac6d28a75019a267a80a5b28aa60a461bf45faa24aa78bfcfbb)
[2025-07-25 12:16:34] [INFO] Matched container: db (019f254fb8133ac6d28a75019a267a80a5b28aa60a461bf45faa24aa78bfcfbb)
[2025-07-25 12:16:34] [INFO] Matched container: db (019f254fb8133ac6d28a75019a267a80a5b28aa60a461bf45faa24aa78bfcfbb)
[2025-07-25 12:16:35] [INFO] Stats stream stopped for container 019f254fb813
[2025-07-25 12:16:35] [INFO] Matched container: db (019f254fb8133ac6d28a75019a267a80a5b28aa60a461bf45faa24aa78bfcfbb)
[2025-07-25 12:16:38] [INFO] Stats stream stopped for container 019f254fb813
[2025-07-25 12:16:55] [INFO] Matched container: db (019f254fb8133ac6d28a75019a267a80a5b28aa60a461bf45faa24aa78bfcfbb)
[2025-07-25 12:16:55] [INFO] Matched container: db (019f254fb8133ac6d28a75019a267a80a5b28aa60a461bf45faa24aa78bfcfbb)
[2025-07-25 12:16:55] [INFO] Matched container: db (019f254fb8133ac6d28a75019a267a80a5b28aa60a461bf45faa24aa78bfcfbb)
[2025-07-25 12:16:56] [INFO] Matched container: db (019f254fb8133ac6d28a75019a267a80a5b28aa60a461bf45faa24aa78bfcfbb)
[2025-07-25 12:16:56] [INFO] Stats stream stopped for container 019f254fb813
[2025-07-25 12:16:56] [INFO] Matched container: db (019f254fb8133ac6d28a75019a267a80a5b28aa60a461bf45faa24aa78bfcfbb)
[2025-07-25 12:17:55] [INFO] Stats stream stopped for container 019f254fb813
[2025-07-25 12:18:47] [INFO] Matched container: db (019f254fb8133ac6d28a75019a267a80a5b28aa60a461bf45faa24aa78bfcfbb)
[2025-07-25 12:18:47] [INFO] Matched container: db (019f254fb8133ac6d28a75019a267a80a5b28aa60a461bf45faa24aa78bfcfbb)
