[2025-07-20 14:58:55,821] [INFO] Creating volume 'test-volume'
[2025-07-20 16:19:12,612] [INFO] Attempting to start container: d0f3cb74fc4d
[2025-07-20 16:19:13,545] [INFO] Successfully started container: db (d0f3cb74fc4dca69deef5fa971a57eb74c6d01c412e66d15a9a25ba3de354e25)
[2025-07-20 16:19:21,725] [INFO] Stats stream stopped for container d0f3cb74fc4d
[2025-07-20 16:19:44,027] [INFO] Creating volume 'test-volume-for-db'
[2025-07-20 16:28:22,457] [INFO] Stopping container: d0f3cb74fc4d
[2025-07-20 16:28:22,987] [INFO] Container stopped: db (d0f3cb74fc4dca69deef5fa971a57eb74c6d01c412e66d15a9a25ba3de354e25)
[2025-07-20 16:28:23,555] [WARNING] Block IO parse failed: 'NoneType' object is not iterable
[2025-07-20 16:28:24,559] [WARNING] Block IO parse failed: 'NoneType' object is not iterable
[2025-07-20 16:28:24,559] [INFO] Stats stream stopped for container d0f3cb74fc4d
[2025-07-20 16:28:28,257] [INFO] Attempting to start container: d0f3cb74fc4d
[2025-07-20 16:28:28,769] [INFO] Successfully started container: db (d0f3cb74fc4dca69deef5fa971a57eb74c6d01c412e66d15a9a25ba3de354e25)
[2025-07-20 16:46:44,024] [INFO] Stats stream stopped for container d0f3cb74fc4d
[2025-07-20 16:47:08,702] [INFO] Stats stream stopped for container d0f3cb74fc4d
[2025-07-20 16:47:20,207] [INFO] Stats stream stopped for container d0f3cb74fc4d
[2025-07-20 16:47:43,215] [INFO] Stopping container: d0f3cb74fc4d
[2025-07-20 16:47:43,781] [INFO] Container stopped: db (d0f3cb74fc4dca69deef5fa971a57eb74c6d01c412e66d15a9a25ba3de354e25)
[2025-07-20 16:47:44,362] [WARNING] Block IO parse failed: 'NoneType' object is not iterable
[2025-07-20 16:47:45,373] [WARNING] Block IO parse failed: 'NoneType' object is not iterable
[2025-07-20 16:47:46,384] [WARNING] Block IO parse failed: 'NoneType' object is not iterable
[2025-07-20 16:47:46,384] [INFO] Stats stream stopped for container d0f3cb74fc4d
[2025-07-20 16:48:13,411] [ERROR] Unexpected error during volume attachment
Traceback (most recent call last):
  File "C:\Users\stude\Desktop\Python\DockerManager\Backend\main.py", line 487, in attach_volume_to_container
    restart_policy=RestartPolicy(
                   ~~~~~~~~~~~~~^
        name=restart_policy.get("Name"),
        ^^^^^^^^^^^^^^^^^^^^^^^^^^^^^^^^
        maximum_retry_count=restart_policy.get("MaximumRetryCount", 0)
        ^^^^^^^^^^^^^^^^^^^^^^^^^^^^^^^^^^^^^^^^^^^^^^^^^^^^^^^^^^^^^^
    ),
    ^
TypeError: RestartPolicy.__init__() got an unexpected keyword argument 'name'
[2025-07-20 17:04:25] [INFO] Stats stream stopped for container 50a870f256c4
[2025-07-20 17:05:02] [INFO] Stopping container: 50a870f256c4
[2025-07-20 17:05:03] [INFO] Container stopped: redis (50a870f256c4474c48e6d95eb29cb4fbadd7d87c77f72c106f4fbd26c3406418)
[2025-07-20 17:05:03] [WARNING] Block IO parse failed: 'NoneType' object is not iterable
[2025-07-20 17:05:04] [WARNING] Block IO parse failed: 'NoneType' object is not iterable
[2025-07-20 17:05:05] [WARNING] Block IO parse failed: 'NoneType' object is not iterable
[2025-07-20 17:05:05] [INFO] Stats stream stopped for container 50a870f256c4
[2025-07-20 17:05:42] [INFO] Attempting to start container: 677651b451f2
[2025-07-20 17:05:42] [INFO] Successfully started container: redis (677651b451f26c70b784451a9a8acae6222964eed98771f7893fc5fa2442c537)
[2025-07-20 17:06:07] [INFO] Stopping container: 677651b451f2
[2025-07-20 17:06:07] [INFO] Container stopped: redis (677651b451f26c70b784451a9a8acae6222964eed98771f7893fc5fa2442c537)
[2025-07-20 17:06:08] [WARNING] Block IO parse failed: 'NoneType' object is not iterable
[2025-07-20 17:06:09] [WARNING] Block IO parse failed: 'NoneType' object is not iterable
[2025-07-20 17:06:09] [INFO] Stats stream stopped for container 677651b451f2
